2018-04-20 14:33:17 student.py:15 line [INFO] =============学生注册界面=============
2018-04-20 14:33:23 student.py:19 line [INFO] =============完善学生信息=============
2018-04-20 14:33:39 student.py:24 line [INFO] 可选择的学校有：
2018-04-20 14:33:50 student.py:29 line [INFO] 可选择的课程有：
2018-04-20 14:33:58 student.py:35 line [INFO] 可选择的班级有：
2018-04-20 14:35:06 student.py:15 line [INFO] =============学生注册界面=============
2018-04-20 14:35:09 student.py:19 line [INFO] =============完善学生信息=============
2018-04-20 14:35:17 student.py:24 line [INFO] 可选择的学校有：
2018-04-20 14:35:23 student.py:29 line [INFO] 可选择的课程有：
2018-04-20 14:35:27 student.py:35 line [INFO] 可选择的班级有：
2018-04-20 14:55:18 get_some_list.py:14 line [INFO] 可选择的学校有：
2018-04-20 14:55:23 get_some_list.py:14 line [INFO] 可选择的学校有：
2018-04-20 14:58:43 get_some_list.py:14 line [INFO] 可选择的学校有：
2018-04-20 14:59:01 get_some_list.py:14 line [INFO] 可选择的学校有：
2018-04-20 15:04:30 get_some_list.py:19 line [INFO] 可选择的课程有：
2018-04-20 15:04:43 get_some_list.py:19 line [INFO] 可选择的课程有：
2018-04-20 15:05:25 get_some_list.py:19 line [INFO] 可选择的课程有：
2018-04-20 15:05:34 get_some_list.py:14 line [INFO] 可选择的学校有：
2018-04-20 15:05:34 get_some_list.py:19 line [INFO] 可选择的课程有：
2018-04-20 15:09:33 get_some_list.py:14 line [INFO] 可选择的学校有：
2018-04-20 15:09:33 get_some_list.py:19 line [INFO] 可选择的课程有：
2018-04-20 15:09:33 get_some_list.py:25 line [INFO] 可选择的班级有：
2018-04-20 15:10:12 get_some_list.py:25 line [INFO] 可选择的班级有：
2018-04-20 15:15:17 get_some_list.py:25 line [INFO] 可选择的班级有：
2018-04-20 15:15:27 get_some_list.py:14 line [INFO] 可选择的学校有：
2018-04-20 15:15:27 get_some_list.py:19 line [INFO] 可选择的课程有：
2018-04-20 15:15:27 get_some_list.py:25 line [INFO] 可选择的班级有：
2018-04-20 15:17:34 get_list.py:14 line [INFO] 可选择的学校有：
2018-04-20 15:17:34 get_list.py:19 line [INFO] 可选择的课程有：
2018-04-20 15:17:34 get_list.py:25 line [INFO] 可选择的班级有：
2018-04-20 15:25:35 get_list.py:31 line [INFO] 可选择的讲师有：
2018-04-20 15:25:38 get_list.py:31 line [INFO] 可选择的讲师有：
2018-04-20 15:27:25 get_list.py:14 line [INFO] 可选择的学校有：
2018-04-20 15:29:23 get_list.py:14 line [INFO] 可选择的学校有：
2018-04-20 15:29:33 get_list.py:31 line [INFO] 可选择的讲师有：
2018-04-20 15:30:18 get_list.py:14 line [INFO] 可选择的学校有：
2018-04-20 15:30:23 get_list.py:31 line [INFO] 可选择的讲师有：
2018-04-20 15:30:34 get_list.py:19 line [INFO] 可选择的课程有：
2018-04-20 15:39:05 modules.py:34 line [INFO] [撸码学院广州校区]写入数据库，创建成功
2018-04-20 15:39:22 get_list.py:14 line [INFO] 可选择的学校有：
2018-04-20 15:41:41 modules.py:34 line [INFO] [撸码学院深圳校区]写入数据库，创建成功
2018-04-20 15:41:52 get_list.py:15 line [INFO] 可选择的学校有：
2018-04-20 15:42:16 modules.py:59 line [INFO] [无厘头英语]课程写入数据库，创建成功
2018-04-20 15:42:38 student.py:16 line [INFO] =============学生注册界面=============
2018-04-20 15:42:45 student.py:20 line [INFO] =============完善学生信息=============
2018-04-20 15:42:52 get_list.py:15 line [INFO] 可选择的学校有：
2018-04-20 15:42:59 get_list.py:21 line [INFO] 可选择的课程有：
2018-04-20 15:43:04 get_list.py:28 line [INFO] 可选择的班级有：
2018-04-20 15:44:30 teacher.py:37 line [INFO] ===============查看班级学员信息===============
2018-04-20 15:44:40 teacher.py:40 line [INFO] ===============班级列表===============
2018-04-20 15:44:47 modules.py:174 line [INFO] =======================查看班级[linux云计算_1班]学生列表=======================
2018-04-20 15:44:47 modules.py:179 line [INFO] 学号:18826270172,名字:学员1号,分数:0
2018-04-20 15:44:47 modules.py:180 line [INFO] =======================查看班级[linux云计算_1班]学生列表=======================
